make all --print-data-base --no-builtin-variables --no-builtin-rules --question
# GNU Make 4.3
# Built for x86_64-pc-linux-gnu
# Copyright (C) 1988-2020 Free Software Foundation, Inc.
# License GPLv3+: GNU GPL version 3 or later <http://gnu.org/licenses/gpl.html>
# This is free software: you are free to change and redistribute it.
# There is NO WARRANTY, to the extent permitted by law.

# Make data base, printed on Fri Aug 19 16:59:47 2022

# Variables

# makefile (from 'Makefile', line 20)
OBJ = $(SRC:$(SRCDIR)/%$(EXT)=$(OBJDIR)/%.o)
# environment
GDK_BACKEND = x11
# environment
LC_ALL = C
# makefile (from 'Makefile', line 19)
SRC = $(wildcard $(SRCDIR)/*$(EXT))
# environment
SSH_AGENT_LAUNCHER = openssh
# makefile (from 'Makefile', line 13)
EXT = .cpp
# makefile (from 'Makefile', line 28)
WDELOBJ = $(SRC:$(SRCDIR)/%$(EXT)=$(OBJDIR)\\%.o)
# makefile (from 'Makefile', line 16)
OBJDIR = obj
# environment
GJS_DEBUG_OUTPUT = stderr
# environment
VSCODE_CWD = /home/debian
# makefile (from 'Makefile', line 24)
DELOBJ = $(OBJ)
# environment
GDM_LANG = en_US.UTF-8
# default
MAKE_COMMAND := make
# environment
QT_ACCESSIBILITY = 1
# automatic
@D = $(patsubst %/,%,$(dir $@))
# environment
VSCODE_HANDLES_UNCAUGHT_ERRORS = true
# default
.VARIABLES := 
# environment
PWD = /home/debian/cppProjects/cppMakePro
# automatic
%D = $(patsubst %/,%,$(dir $%))
# automatic
^D = $(patsubst %/,%,$(dir $^))
# automatic
%F = $(notdir $%)
# environment
VSCODE_CODE_CACHE_PATH = /home/debian/.config/Code - Insiders/CachedData/ef65ac1ba57f57f2a3961bfe94aa20481caca4c6
# environment
LANG = C
# environment
XAUTHORITY = /run/user/1000/.mutter-Xwaylandauth.XUUYQ1
# default
.LOADED := 
# default
.INCLUDE_DIRS = /usr/local/include /usr/include /usr/include
# makefile
MAKEFLAGS = pqrR
# makefile (from 'Makefile', line 21)
DEP = $(OBJ:$(OBJDIR)/%.o=%.d)
# makefile
CURDIR := /home/debian/cppProjects/cppMakePro
# environment
APPLICATION_INSIGHTS_NO_DIAGNOSTIC_CHANNEL = 1
# automatic
*D = $(patsubst %/,%,$(dir $*))
# environment
MFLAGS = -pqrR
# environment
SSH_AUTH_SOCK = /run/user/1000/keyring/ssh
# default
.SHELLFLAGS := -c
# environment
WAYLAND_DISPLAY = wayland-0
# automatic
+D = $(patsubst %/,%,$(dir $+))
# environment
XDG_SESSION_DESKTOP = gnome
# makefile (from 'cppMake01.d', line 1)
MAKEFILE_LIST := Makefile ancor.d cppMake01.d
# automatic
@F = $(notdir $@)
# environment
VSCODE_PID = 43187
# environment
XDG_SESSION_TYPE = wayland
# makefile (from 'Makefile', line 12)
APPNAME = cppMake01
# automatic
?D = $(patsubst %/,%,$(dir $?))
# environment
SESSION_MANAGER = local/debian11:@/tmp/.ICE-unix/1282,unix/debian11:/tmp/.ICE-unix/1282
# automatic
*F = $(notdir $*)
# environment
CHROME_DESKTOP = code-insiders-url-handler.desktop
# environment
DBUS_SESSION_BUS_ADDRESS = unix:path=/run/user/1000/bus
# automatic
<D = $(patsubst %/,%,$(dir $<))
# environment
VSCODE_NLS_CONFIG = {"locale":"en-us","availableLanguages":{},"_languagePackSupport":true}
# default
MAKE_HOST := x86_64-pc-linux-gnu
# environment
GNOME_DESKTOP_SESSION_ID = this-is-deprecated
# makefile
SHELL = /bin/sh
# default
MAKECMDGOALS := all
# environment
XMODIFIERS = @im=ibus
# environment
GJS_DEBUG_TOPICS = JS ERROR;JS LOG
# environment
SHLVL = 0
# environment
MAKELEVEL := 0
# environment
IM_CONFIG_CHECK_ENV = 1
# default
MAKE = $(MAKE_COMMAND)
# environment
PATH = /usr/local/bin:/usr/bin:/bin:/usr/local/games:/usr/games
# default
MAKEFILES := 
# automatic
^F = $(notdir $^)
# environment
INVOCATION_ID = 3ed7ac3aa6de4dcaa3b76f152e8c865b
# environment
USERNAME = debian
# environment
GNOME_SETUP_DISPLAY = :1
# automatic
?F = $(notdir $?)
# environment
XDG_CURRENT_DESKTOP = GNOME
# environment
LS_COLORS = 
# automatic
+F = $(notdir $+)
# environment
DESKTOP_SESSION = gnome
# environment
ORIGINAL_XDG_CURRENT_DESKTOP = GNOME
# 'override' directive
GNUMAKEFLAGS := 
# environment
LOGNAME = debian
# environment
GIO_LAUNCHED_DESKTOP_FILE = /usr/share/applications/code-insiders.desktop
# makefile (from 'Makefile', line 27)
EXE = .exe
# makefile
.DEFAULT_GOAL := all
# makefile (from 'Makefile', line 23)
RM = rm
# environment
DISPLAY = :0
# environment
USER = debian
# environment
GTK_MODULES = gail:atk-bridge
# default
MAKE_VERSION := 4.3
# makefile (from 'Makefile', line 8)
LDFLAGS = 
# environment
MANAGERPID = 1142
# makefile (from 'Makefile', line 26)
DEL = del
# environment
GIO_LAUNCHED_DESKTOP_FILE_PID = 43187
# environment
_ = /usr/share/code-insiders/code-insiders
# environment
XDG_RUNTIME_DIR = /run/user/1000
# environment
JOURNAL_STREAM = 8:17904
# environment
XDG_SESSION_CLASS = user
# environment
VSCODE_AMD_ENTRYPOINT = vs/workbench/api/node/extensionHostProcess
# environment
HOME = /home/debian
# environment
QT_IM_MODULE = ibus
# environment
ELECTRON_RUN_AS_NODE = 1
# environment
VSCODE_IPC_HOOK = /run/user/1000/vscode-f1c3e06d-1.71.0-insider-main.sock
# makefile (from 'Makefile', line 15)
SRCDIR = /home/debian/cppProjects/cppMakePro/src
# environment
IM_CONFIG_PHASE = 1
# default
.RECIPEPREFIX := 
# automatic
<F = $(notdir $<)
# default
SUFFIXES := 
# makefile (from 'Makefile', line 7)
CXXFLAGS = -std=c++17 -Wall -g
# default
.FEATURES := target-specific order-only second-expansion else-if shortest-stem undefine oneshell nocomment grouped-target extra-prereqs archives jobserver output-sync check-symlink load
# makefile (from 'Makefile', line 6)
CC = g++
# environment
XDG_MENU_PREFIX = gnome-
# environment
GDMSESSION = gnome
# variable set hash-table stats:
# Load=104/1024=10%, Rehash=0, Collisions=6/161=4%

# Pattern-specific Variable Values

# No pattern-specific variable values.

# Directories

# /home/debian/cppProjects/cppMakePro/src (device 65028, inode 19398700): 5 files, no impossibilities.
# . (device 65028, inode 19271155): 13 files, no impossibilities.

# 18 files, no impossibilities in 2 directories.

# Implicit Rules

%.d: /home/debian/cppProjects/cppMakePro/src/%.cpp
#  recipe to execute (from 'Makefile', line 42):
	@$(CPP) $(CFLAGS) $< -MM -MT $(@:%.d=$(OBJDIR)/%.o) >$@

obj/%.o: /home/debian/cppProjects/cppMakePro/src/%.cpp
#  recipe to execute (from 'Makefile', line 49):
	$(CC) $(CXXFLAGS) -o $@ -c $<

# 2 implicit rules, 0 (0.0%) terminal.
# Files

obj/cppMake01.o: /home/debian/cppProjects/cppMakePro/src/cppMake01.cpp /home/debian/cppProjects/cppMakePro/src/cppMake01.cpp /home/debian/cppProjects/cppMakePro/src/include/ancor.hpp
#  Implicit rule search has been done.
#  Implicit/static pattern stem: 'cppMake01'
#  Last modified 2022-08-19 16:59:30.206864585
#  File has been updated.
#  Successfully updated.
#  recipe to execute (from 'Makefile', line 49):
	$(CC) $(CXXFLAGS) -o $@ -c $<

cleandepw:
#  Phony target (prerequisite of .PHONY).
#  Implicit rule search has not been done.
#  File does not exist.
#  File has not been updated.
#  recipe to execute (from 'Makefile', line 71):
	$(DEL) $(DEP)

cleandep:
#  Phony target (prerequisite of .PHONY).
#  Implicit rule search has not been done.
#  File does not exist.
#  File has not been updated.
#  recipe to execute (from 'Makefile', line 60):
	$(RM) $(DEP)

# Not a target:
Makefile:
#  Implicit rule search has been done.
#  Last modified 2022-08-19 16:56:22.394880255
#  File has been updated.
#  Successfully updated.

clean:
#  Phony target (prerequisite of .PHONY).
#  Implicit rule search has not been done.
#  File does not exist.
#  File has not been updated.
#  recipe to execute (from 'Makefile', line 55):
	$(RM) $(DELOBJ) $(DEP) $(APPNAME)

cppMake01.d: /home/debian/cppProjects/cppMakePro/src/cppMake01.cpp
#  Implicit rule search has been done.
#  Implicit/static pattern stem: 'cppMake01'
#  Last modified 2022-08-19 16:59:29.282864956
#  File has been updated.
#  Successfully updated.
#  recipe to execute (from 'Makefile', line 42):
	@$(CPP) $(CFLAGS) $< -MM -MT $(@:%.d=$(OBJDIR)/%.o) >$@

# Not a target:
.DEFAULT:
#  Implicit rule search has not been done.
#  Modification time never checked.
#  File has not been updated.

cppMake01: obj/ancor.o obj/cppMake01.o
#  Implicit rule search has not been done.
#  Last modified 2022-08-19 16:59:30.374864518
#  File has been updated.
#  Successfully updated.
#  recipe to execute (from 'Makefile', line 38):
	$(CC) $(CXXFLAGS) -o $@ $^ $(LDFLAGS)

all: cppMake01
#  Command line target.
#  Implicit rule search has been done.
#  File does not exist.
#  File has been updated.
#  Successfully updated.

# Not a target:
 
/home/debian/cppProjects/cppMakePro/src/ancor.cpp:
#  Implicit rule search has been done.
#  Last modified 2022-08-09 09:21:18
#  File has been updated.
#  Successfully updated.

cleanw:
#  Phony target (prerequisite of .PHONY).
#  Implicit rule search has not been done.
#  File does not exist.
#  File has not been updated.
#  recipe to execute (from 'Makefile', line 66):
	$(DEL) $(WDELOBJ) $(DEP) $(APPNAME)$(EXE)

ancor.d: /home/debian/cppProjects/cppMakePro/src/ancor.cpp
#  Implicit rule search has been done.
#  Implicit/static pattern stem: 'ancor'
#  Last modified 2022-08-19 16:59:29.314864942
#  File has been updated.
#  Successfully updated.
#  recipe to execute (from 'Makefile', line 42):
	@$(CPP) $(CFLAGS) $< -MM -MT $(@:%.d=$(OBJDIR)/%.o) >$@

obj/ancor.o: /home/debian/cppProjects/cppMakePro/src/ancor.cpp /home/debian/cppProjects/cppMakePro/src/ancor.cpp /home/debian/cppProjects/cppMakePro/src/include/ancor.hpp
#  Implicit rule search has been done.
#  Implicit/static pattern stem: 'ancor'
#  Last modified 2022-08-19 16:59:29.802864747
#  File has been updated.
#  Successfully updated.
#  recipe to execute (from 'Makefile', line 49):
	$(CC) $(CXXFLAGS) -o $@ -c $<

# Not a target:
/home/debian/cppProjects/cppMakePro/src/include/ancor.hpp:
#  Implicit rule search has been done.
#  Last modified 2022-08-09 09:21:18
#  File has been updated.
#  Successfully updated.

# Not a target:
/home/debian/cppProjects/cppMakePro/src/cppMake01.cpp:
#  Implicit rule search has been done.
#  Last modified 2022-08-09 09:21:18
#  File has been updated.
#  Successfully updated.

.PHONY: clean cleandep cleanw cleandepw
#  Implicit rule search has not been done.
#  Modification time never checked.
#  File has not been updated.

# files hash-table stats:
# Load=17/1024=2%, Rehash=0, Collisions=0/61=0%
# VPATH Search Paths

# No 'vpath' search paths.

# No general ('VPATH' variable) search path.

# strcache buffers: 1 (0) / strings = 36 / storage = 511 B / avg = 14 B
# current buf: size = 8162 B / used = 511 B / count = 36 / avg = 14 B

# strcache performance: lookups = 83 / hit rate = 56%
# hash-table stats:
# Load=36/8192=0%, Rehash=0, Collisions=0/83=0%
# Finished Make data base on Fri Aug 19 16:59:47 2022

 
